<?xml version="1.0" encoding="UTF-8"?>
<!-- Generated by org.testng.reporters.JUnitReportReporter -->
<testsuite hostname="DESKTOP-1HAGLG6" failures="0" tests="1" name="com.inetBanking.testcases.TC_AddCustomerTest_003" time="22.818" errors="0" timestamp="2023-01-29T02:04:46 GMT" skipped="0">
  <testcase classname="com.inetBanking.testcases.TC_AddCustomerTest_003" name="addNewCustomer" time="22.818"/>
  <system-out/>
</testsuite> <!-- com.inetBanking.testcases.TC_AddCustomerTest_003 -->
